<?xml version="1.0" encoding="UTF-8"?>
<testsuite xmlns:xsi="http://www.w3.org/2001/XMLSchema-instance" xsi:noNamespaceSchemaLocation="https://maven.apache.org/surefire/maven-surefire-plugin/xsd/surefire-test-report.xsd" name="TestSuite" time="11.051" tests="3" errors="0" skipped="1" failures="2">
  <properties>
    <property name="sun.desktop" value="windows"/>
    <property name="awt.toolkit" value="sun.awt.windows.WToolkit"/>
    <property name="java.specification.version" value="11"/>
    <property name="sun.cpu.isalist" value="amd64"/>
    <property name="sun.jnu.encoding" value="Cp1251"/>
    <property name="java.class.path" value="C:\Users\d_smertin\project\mobile\DmitriiSmertin-mobile\target\test-classes;C:\Users\d_smertin\project\mobile\DmitriiSmertin-mobile\target\classes;C:\Users\d_smertin\.m2\repository\io\appium\java-client\7.3.0\java-client-7.3.0.jar;C:\Users\d_smertin\.m2\repository\org\seleniumhq\selenium\selenium-java\3.141.59\selenium-java-3.141.59.jar;C:\Users\d_smertin\.m2\repository\org\seleniumhq\selenium\selenium-chrome-driver\3.141.59\selenium-chrome-driver-3.141.59.jar;C:\Users\d_smertin\.m2\repository\org\seleniumhq\selenium\selenium-edge-driver\3.141.59\selenium-edge-driver-3.141.59.jar;C:\Users\d_smertin\.m2\repository\org\seleniumhq\selenium\selenium-firefox-driver\3.141.59\selenium-firefox-driver-3.141.59.jar;C:\Users\d_smertin\.m2\repository\org\seleniumhq\selenium\selenium-ie-driver\3.141.59\selenium-ie-driver-3.141.59.jar;C:\Users\d_smertin\.m2\repository\org\seleniumhq\selenium\selenium-opera-driver\3.141.59\selenium-opera-driver-3.141.59.jar;C:\Users\d_smertin\.m2\repository\org\seleniumhq\selenium\selenium-remote-driver\3.141.59\selenium-remote-driver-3.141.59.jar;C:\Users\d_smertin\.m2\repository\org\seleniumhq\selenium\selenium-safari-driver\3.141.59\selenium-safari-driver-3.141.59.jar;C:\Users\d_smertin\.m2\repository\net\bytebuddy\byte-buddy\1.8.15\byte-buddy-1.8.15.jar;C:\Users\d_smertin\.m2\repository\org\apache\commons\commons-exec\1.3\commons-exec-1.3.jar;C:\Users\d_smertin\.m2\repository\com\google\guava\guava\25.0-jre\guava-25.0-jre.jar;C:\Users\d_smertin\.m2\repository\com\google\code\findbugs\jsr305\1.3.9\jsr305-1.3.9.jar;C:\Users\d_smertin\.m2\repository\org\checkerframework\checker-compat-qual\2.0.0\checker-compat-qual-2.0.0.jar;C:\Users\d_smertin\.m2\repository\com\google\errorprone\error_prone_annotations\2.1.3\error_prone_annotations-2.1.3.jar;C:\Users\d_smertin\.m2\repository\com\google\j2objc\j2objc-annotations\1.1\j2objc-annotations-1.1.jar;C:\Users\d_smertin\.m2\repository\org\codehaus\mojo\animal-sniffer-annotations\1.14\animal-sniffer-annotations-1.14.jar;C:\Users\d_smertin\.m2\repository\com\squareup\okhttp3\okhttp\3.11.0\okhttp-3.11.0.jar;C:\Users\d_smertin\.m2\repository\com\squareup\okio\okio\1.14.0\okio-1.14.0.jar;C:\Users\d_smertin\.m2\repository\org\seleniumhq\selenium\selenium-support\3.141.59\selenium-support-3.141.59.jar;C:\Users\d_smertin\.m2\repository\org\seleniumhq\selenium\selenium-api\3.141.59\selenium-api-3.141.59.jar;C:\Users\d_smertin\.m2\repository\com\google\code\gson\gson\2.8.5\gson-2.8.5.jar;C:\Users\d_smertin\.m2\repository\org\apache\httpcomponents\httpclient\4.5.9\httpclient-4.5.9.jar;C:\Users\d_smertin\.m2\repository\org\apache\httpcomponents\httpcore\4.4.11\httpcore-4.4.11.jar;C:\Users\d_smertin\.m2\repository\commons-logging\commons-logging\1.2\commons-logging-1.2.jar;C:\Users\d_smertin\.m2\repository\commons-codec\commons-codec\1.11\commons-codec-1.11.jar;C:\Users\d_smertin\.m2\repository\cglib\cglib\3.2.12\cglib-3.2.12.jar;C:\Users\d_smertin\.m2\repository\org\ow2\asm\asm\7.1\asm-7.1.jar;C:\Users\d_smertin\.m2\repository\commons-validator\commons-validator\1.6\commons-validator-1.6.jar;C:\Users\d_smertin\.m2\repository\commons-beanutils\commons-beanutils\1.9.2\commons-beanutils-1.9.2.jar;C:\Users\d_smertin\.m2\repository\commons-digester\commons-digester\1.8.1\commons-digester-1.8.1.jar;C:\Users\d_smertin\.m2\repository\commons-collections\commons-collections\3.2.2\commons-collections-3.2.2.jar;C:\Users\d_smertin\.m2\repository\org\apache\commons\commons-lang3\3.9\commons-lang3-3.9.jar;C:\Users\d_smertin\.m2\repository\commons-io\commons-io\2.6\commons-io-2.6.jar;C:\Users\d_smertin\.m2\repository\org\springframework\spring-context\5.1.8.RELEASE\spring-context-5.1.8.RELEASE.jar;C:\Users\d_smertin\.m2\repository\org\springframework\spring-aop\5.1.8.RELEASE\spring-aop-5.1.8.RELEASE.jar;C:\Users\d_smertin\.m2\repository\org\springframework\spring-beans\5.1.8.RELEASE\spring-beans-5.1.8.RELEASE.jar;C:\Users\d_smertin\.m2\repository\org\springframework\spring-core\5.1.8.RELEASE\spring-core-5.1.8.RELEASE.jar;C:\Users\d_smertin\.m2\repository\org\springframework\spring-jcl\5.1.8.RELEASE\spring-jcl-5.1.8.RELEASE.jar;C:\Users\d_smertin\.m2\repository\org\springframework\spring-expression\5.1.8.RELEASE\spring-expression-5.1.8.RELEASE.jar;C:\Users\d_smertin\.m2\repository\org\aspectj\aspectjweaver\1.9.4\aspectjweaver-1.9.4.jar;C:\Users\d_smertin\.m2\repository\org\slf4j\slf4j-api\1.7.26\slf4j-api-1.7.26.jar;C:\Users\d_smertin\.m2\repository\org\testng\testng\7.1.0\testng-7.1.0.jar;C:\Users\d_smertin\.m2\repository\com\beust\jcommander\1.72\jcommander-1.72.jar;C:\Users\d_smertin\.m2\repository\com\google\inject\guice\4.1.0\guice-4.1.0-no_aop.jar;C:\Users\d_smertin\.m2\repository\javax\inject\javax.inject\1\javax.inject-1.jar;C:\Users\d_smertin\.m2\repository\aopalliance\aopalliance\1.0\aopalliance-1.0.jar;C:\Users\d_smertin\.m2\repository\org\yaml\snakeyaml\1.21\snakeyaml-1.21.jar;C:\Users\d_smertin\.m2\repository\org\assertj\assertj-core\3.19.0\assertj-core-3.19.0.jar;"/>
    <property name="java.vm.vendor" value="Oracle Corporation"/>
    <property name="sun.arch.data.model" value="64"/>
    <property name="user.variant" value=""/>
    <property name="java.vendor.url" value="https://openjdk.java.net/"/>
    <property name="user.timezone" value="Europe/Moscow"/>
    <property name="user.country.format" value="RU"/>
    <property name="java.vm.specification.version" value="11"/>
    <property name="os.name" value="Windows 10"/>
    <property name="sun.java.launcher" value="SUN_STANDARD"/>
    <property name="user.country" value="US"/>
    <property name="sun.boot.library.path" value="C:\Program Files\Java\jdk-11.0.12\bin"/>
    <property name="sun.java.command" value="C:\Users\D_SMER~1\AppData\Local\Temp\surefire17659166348713225029\surefirebooter6498972563257019524.jar C:\Users\d_smertin\AppData\Local\Temp\surefire17659166348713225029 2021-10-01T21-15-28_477-jvmRun1 surefire7821176570742762259tmp surefire_04983178545998569416tmp"/>
    <property name="jdk.debug" value="release"/>
    <property name="ts.appium" value="http://localhost:4723/wd/hub"/>
    <property name="surefire.test.class.path" value="C:\Users\d_smertin\project\mobile\DmitriiSmertin-mobile\target\test-classes;C:\Users\d_smertin\project\mobile\DmitriiSmertin-mobile\target\classes;C:\Users\d_smertin\.m2\repository\io\appium\java-client\7.3.0\java-client-7.3.0.jar;C:\Users\d_smertin\.m2\repository\org\seleniumhq\selenium\selenium-java\3.141.59\selenium-java-3.141.59.jar;C:\Users\d_smertin\.m2\repository\org\seleniumhq\selenium\selenium-chrome-driver\3.141.59\selenium-chrome-driver-3.141.59.jar;C:\Users\d_smertin\.m2\repository\org\seleniumhq\selenium\selenium-edge-driver\3.141.59\selenium-edge-driver-3.141.59.jar;C:\Users\d_smertin\.m2\repository\org\seleniumhq\selenium\selenium-firefox-driver\3.141.59\selenium-firefox-driver-3.141.59.jar;C:\Users\d_smertin\.m2\repository\org\seleniumhq\selenium\selenium-ie-driver\3.141.59\selenium-ie-driver-3.141.59.jar;C:\Users\d_smertin\.m2\repository\org\seleniumhq\selenium\selenium-opera-driver\3.141.59\selenium-opera-driver-3.141.59.jar;C:\Users\d_smertin\.m2\repository\org\seleniumhq\selenium\selenium-remote-driver\3.141.59\selenium-remote-driver-3.141.59.jar;C:\Users\d_smertin\.m2\repository\org\seleniumhq\selenium\selenium-safari-driver\3.141.59\selenium-safari-driver-3.141.59.jar;C:\Users\d_smertin\.m2\repository\net\bytebuddy\byte-buddy\1.8.15\byte-buddy-1.8.15.jar;C:\Users\d_smertin\.m2\repository\org\apache\commons\commons-exec\1.3\commons-exec-1.3.jar;C:\Users\d_smertin\.m2\repository\com\google\guava\guava\25.0-jre\guava-25.0-jre.jar;C:\Users\d_smertin\.m2\repository\com\google\code\findbugs\jsr305\1.3.9\jsr305-1.3.9.jar;C:\Users\d_smertin\.m2\repository\org\checkerframework\checker-compat-qual\2.0.0\checker-compat-qual-2.0.0.jar;C:\Users\d_smertin\.m2\repository\com\google\errorprone\error_prone_annotations\2.1.3\error_prone_annotations-2.1.3.jar;C:\Users\d_smertin\.m2\repository\com\google\j2objc\j2objc-annotations\1.1\j2objc-annotations-1.1.jar;C:\Users\d_smertin\.m2\repository\org\codehaus\mojo\animal-sniffer-annotations\1.14\animal-sniffer-annotations-1.14.jar;C:\Users\d_smertin\.m2\repository\com\squareup\okhttp3\okhttp\3.11.0\okhttp-3.11.0.jar;C:\Users\d_smertin\.m2\repository\com\squareup\okio\okio\1.14.0\okio-1.14.0.jar;C:\Users\d_smertin\.m2\repository\org\seleniumhq\selenium\selenium-support\3.141.59\selenium-support-3.141.59.jar;C:\Users\d_smertin\.m2\repository\org\seleniumhq\selenium\selenium-api\3.141.59\selenium-api-3.141.59.jar;C:\Users\d_smertin\.m2\repository\com\google\code\gson\gson\2.8.5\gson-2.8.5.jar;C:\Users\d_smertin\.m2\repository\org\apache\httpcomponents\httpclient\4.5.9\httpclient-4.5.9.jar;C:\Users\d_smertin\.m2\repository\org\apache\httpcomponents\httpcore\4.4.11\httpcore-4.4.11.jar;C:\Users\d_smertin\.m2\repository\commons-logging\commons-logging\1.2\commons-logging-1.2.jar;C:\Users\d_smertin\.m2\repository\commons-codec\commons-codec\1.11\commons-codec-1.11.jar;C:\Users\d_smertin\.m2\repository\cglib\cglib\3.2.12\cglib-3.2.12.jar;C:\Users\d_smertin\.m2\repository\org\ow2\asm\asm\7.1\asm-7.1.jar;C:\Users\d_smertin\.m2\repository\commons-validator\commons-validator\1.6\commons-validator-1.6.jar;C:\Users\d_smertin\.m2\repository\commons-beanutils\commons-beanutils\1.9.2\commons-beanutils-1.9.2.jar;C:\Users\d_smertin\.m2\repository\commons-digester\commons-digester\1.8.1\commons-digester-1.8.1.jar;C:\Users\d_smertin\.m2\repository\commons-collections\commons-collections\3.2.2\commons-collections-3.2.2.jar;C:\Users\d_smertin\.m2\repository\org\apache\commons\commons-lang3\3.9\commons-lang3-3.9.jar;C:\Users\d_smertin\.m2\repository\commons-io\commons-io\2.6\commons-io-2.6.jar;C:\Users\d_smertin\.m2\repository\org\springframework\spring-context\5.1.8.RELEASE\spring-context-5.1.8.RELEASE.jar;C:\Users\d_smertin\.m2\repository\org\springframework\spring-aop\5.1.8.RELEASE\spring-aop-5.1.8.RELEASE.jar;C:\Users\d_smertin\.m2\repository\org\springframework\spring-beans\5.1.8.RELEASE\spring-beans-5.1.8.RELEASE.jar;C:\Users\d_smertin\.m2\repository\org\springframework\spring-core\5.1.8.RELEASE\spring-core-5.1.8.RELEASE.jar;C:\Users\d_smertin\.m2\repository\org\springframework\spring-jcl\5.1.8.RELEASE\spring-jcl-5.1.8.RELEASE.jar;C:\Users\d_smertin\.m2\repository\org\springframework\spring-expression\5.1.8.RELEASE\spring-expression-5.1.8.RELEASE.jar;C:\Users\d_smertin\.m2\repository\org\aspectj\aspectjweaver\1.9.4\aspectjweaver-1.9.4.jar;C:\Users\d_smertin\.m2\repository\org\slf4j\slf4j-api\1.7.26\slf4j-api-1.7.26.jar;C:\Users\d_smertin\.m2\repository\org\testng\testng\7.1.0\testng-7.1.0.jar;C:\Users\d_smertin\.m2\repository\com\beust\jcommander\1.72\jcommander-1.72.jar;C:\Users\d_smertin\.m2\repository\com\google\inject\guice\4.1.0\guice-4.1.0-no_aop.jar;C:\Users\d_smertin\.m2\repository\javax\inject\javax.inject\1\javax.inject-1.jar;C:\Users\d_smertin\.m2\repository\aopalliance\aopalliance\1.0\aopalliance-1.0.jar;C:\Users\d_smertin\.m2\repository\org\yaml\snakeyaml\1.21\snakeyaml-1.21.jar;C:\Users\d_smertin\.m2\repository\org\assertj\assertj-core\3.19.0\assertj-core-3.19.0.jar;"/>
    <property name="sun.cpu.endian" value="little"/>
    <property name="user.home" value="C:\Users\d_smertin"/>
    <property name="user.language" value="en"/>
    <property name="java.specification.vendor" value="Oracle Corporation"/>
    <property name="java.version.date" value="2021-07-20"/>
    <property name="java.home" value="C:\Program Files\Java\jdk-11.0.12"/>
    <property name="file.separator" value="\"/>
    <property name="basedir" value="C:\Users\d_smertin\project\mobile\DmitriiSmertin-mobile"/>
    <property name="java.vm.compressedOopsMode" value="Zero based"/>
    <property name="line.separator" value="&#10;"/>
    <property name="java.specification.name" value="Java Platform API Specification"/>
    <property name="java.vm.specification.vendor" value="Oracle Corporation"/>
    <property name="java.awt.graphicsenv" value="sun.awt.Win32GraphicsEnvironment"/>
    <property name="surefire.real.class.path" value="C:\Users\D_SMER~1\AppData\Local\Temp\surefire17659166348713225029\surefirebooter6498972563257019524.jar"/>
    <property name="user.script" value=""/>
    <property name="sun.management.compiler" value="HotSpot 64-Bit Tiered Compilers"/>
    <property name="java.runtime.version" value="11.0.12+8-LTS-237"/>
    <property name="user.name" value="d_smertin"/>
    <property name="path.separator" value=";"/>
    <property name="os.version" value="10.0"/>
    <property name="java.runtime.name" value="Java(TM) SE Runtime Environment"/>
    <property name="file.encoding" value="Cp1251"/>
    <property name="java.vm.name" value="Java HotSpot(TM) 64-Bit Server VM"/>
    <property name="java.vendor.version" value="18.9"/>
    <property name="localRepository" value="C:\Users\d_smertin\.m2\repository"/>
    <property name="java.vendor.url.bug" value="https://bugreport.java.com/bugreport/"/>
    <property name="java.io.tmpdir" value="C:\Users\D_SMER~1\AppData\Local\Temp\"/>
    <property name="idea.version" value="2021.2.1"/>
    <property name="java.version" value="11.0.12"/>
    <property name="user.dir" value="C:\Users\d_smertin\project\mobile\DmitriiSmertin-mobile"/>
    <property name="os.arch" value="amd64"/>
    <property name="java.vm.specification.name" value="Java Virtual Machine Specification"/>
    <property name="java.awt.printerjob" value="sun.awt.windows.WPrinterJob"/>
    <property name="user.language.format" value="ru"/>
    <property name="sun.os.patch.level" value=""/>
    <property name="java.library.path" value="C:\Program Files\Java\jdk-11.0.12\bin;C:\Windows\Sun\Java\bin;C:\Windows\system32;C:\Windows;C:\Program Files\Common Files\Oracle\Java\javapath;C:\Program Files (x86)\Common Files\Oracle\Java\javapath;C:\Windows\system32;C:\Windows;C:\Windows\System32\Wbem;C:\Windows\System32\WindowsPowerShell\v1.0\;C:\Windows\System32\OpenSSH\;C:\Windows\CCM;C:\Windows\CCM;C:\Program Files\SafeNet\Authentication\SAC\x64;C:\Program Files\SafeNet\Authentication\SAC\x32;C:\Program Files (x86)\NVIDIA Corporation\PhysX\Common;C:\Program Files\Java\jdk-11.0.12\bin;C:\Program Files\dotnet\;C:\Users\hpa.d_smertin\AppData\Local\Android\Sdk\tools;C:\Users\hpa.d_smertin\AppData\Local\Android\Sdk\platform-tools;C:\Users\d_smertin\AppData\Local\Microsoft\WindowsApps;C:\Users\d_smertin\AppData\Local\Programs\Microsoft VS Code\bin;C:\Users\d_smertin\Git\cmd;."/>
    <property name="java.vendor" value="Oracle Corporation"/>
    <property name="java.vm.info" value="mixed mode"/>
    <property name="java.vm.version" value="11.0.12+8-LTS-237"/>
    <property name="sun.io.unicode.encoding" value="UnicodeLittle"/>
    <property name="java.class.version" value="55.0"/>
  </properties>
  <testcase name="setUp" classname="scenarios.epamTestAppMobileTests" time="10.932">
    <failure message="Unable to create a new remote session. Please check the server log for more details. Original error: An unknown server-side error occurred while processing the command. Original error: &apos;app&apos; option is required for reinstall&#10;Build info: version: &apos;3.141.59&apos;, revision: &apos;e82be7d358&apos;, time: &apos;2018-11-14T08:17:03&apos;&#10;System info: host: &apos;RU1-WW-158&apos;, ip: &apos;10.135.106.133&apos;, os.name: &apos;Windows 10&apos;, os.arch: &apos;amd64&apos;, os.version: &apos;10.0&apos;, java.version: &apos;11.0.12&apos;&#10;Driver info: driver.version: AppiumDriver&#10;remote stacktrace: UnknownError: An unknown server-side error occurred while processing the command. Original error: &apos;app&apos; option is required for reinstall&#10;    at getResponseForW3CError (C:\Program Files\Appium Server GUI\resources\app\node_modules\appium\node_modules\appium-base-driver\lib\protocol\errors.js:804:9)&#10;    at asyncHandler (C:\Program Files\Appium Server GUI\resources\app\node_modules\appium\node_modules\appium-base-driver\lib\protocol\protocol.js:380:37)&#10;Build info: version: &apos;3.141.59&apos;, revision: &apos;e82be7d358&apos;, time: &apos;2018-11-14T08:17:03&apos;&#10;System info: host: &apos;RU1-WW-158&apos;, ip: &apos;10.135.106.133&apos;, os.name: &apos;Windows 10&apos;, os.arch: &apos;amd64&apos;, os.version: &apos;10.0&apos;, java.version: &apos;11.0.12&apos;&#10;Driver info: driver.version: AppiumDriver" type="org.openqa.selenium.SessionNotCreatedException">org.openqa.selenium.SessionNotCreatedException: 
Unable to create a new remote session. Please check the server log for more details. Original error: An unknown server-side error occurred while processing the command. Original error: 'app' option is required for reinstall
Build info: version: '3.141.59', revision: 'e82be7d358', time: '2018-11-14T08:17:03'
System info: host: 'RU1-WW-158', ip: '10.135.106.133', os.name: 'Windows 10', os.arch: 'amd64', os.version: '10.0', java.version: '11.0.12'
Driver info: driver.version: AppiumDriver
remote stacktrace: UnknownError: An unknown server-side error occurred while processing the command. Original error: 'app' option is required for reinstall
    at getResponseForW3CError (C:\Program Files\Appium Server GUI\resources\app\node_modules\appium\node_modules\appium-base-driver\lib\protocol\errors.js:804:9)
    at asyncHandler (C:\Program Files\Appium Server GUI\resources\app\node_modules\appium\node_modules\appium-base-driver\lib\protocol\protocol.js:380:37)
Build info: version: '3.141.59', revision: 'e82be7d358', time: '2018-11-14T08:17:03'
System info: host: 'RU1-WW-158', ip: '10.135.106.133', os.name: 'Windows 10', os.arch: 'amd64', os.version: '10.0', java.version: '11.0.12'
Driver info: driver.version: AppiumDriver
Caused by: java.lang.reflect.InvocationTargetException
Caused by: org.openqa.selenium.WebDriverException: 
An unknown server-side error occurred while processing the command. Original error: 'app' option is required for reinstall
Build info: version: '3.141.59', revision: 'e82be7d358', time: '2018-11-14T08:17:03'
System info: host: 'RU1-WW-158', ip: '10.135.106.133', os.name: 'Windows 10', os.arch: 'amd64', os.version: '10.0', java.version: '11.0.12'
Driver info: driver.version: AppiumDriver
remote stacktrace: UnknownError: An unknown server-side error occurred while processing the command. Original error: 'app' option is required for reinstall
    at getResponseForW3CError (C:\Program Files\Appium Server GUI\resources\app\node_modules\appium\node_modules\appium-base-driver\lib\protocol\errors.js:804:9)
    at asyncHandler (C:\Program Files\Appium Server GUI\resources\app\node_modules\appium\node_modules\appium-base-driver\lib\protocol\protocol.js:380:37)
</failure>
    <system-out><![CDATA[Before: app type - web
]]></system-out>
  </testcase>
  <testcase name="simpleWebTest" classname="scenarios.webMobileTests" time="0">
    <skipped message="Unable to create a new remote session. Please check the server log for more details. Original error: An unknown server-side error occurred while processing the command. Original error: &apos;app&apos; option is required for reinstall&#10;Build info: version: &apos;3.141.59&apos;, revision: &apos;e82be7d358&apos;, time: &apos;2018-11-14T08:17:03&apos;&#10;System info: host: &apos;RU1-WW-158&apos;, ip: &apos;10.135.106.133&apos;, os.name: &apos;Windows 10&apos;, os.arch: &apos;amd64&apos;, os.version: &apos;10.0&apos;, java.version: &apos;11.0.12&apos;&#10;Driver info: driver.version: AppiumDriver&#10;remote stacktrace: UnknownError: An unknown server-side error occurred while processing the command. Original error: &apos;app&apos; option is required for reinstall&#10;    at getResponseForW3CError (C:\Program Files\Appium Server GUI\resources\app\node_modules\appium\node_modules\appium-base-driver\lib\protocol\errors.js:804:9)&#10;    at asyncHandler (C:\Program Files\Appium Server GUI\resources\app\node_modules\appium\node_modules\appium-base-driver\lib\protocol\protocol.js:380:37)&#10;Build info: version: &apos;3.141.59&apos;, revision: &apos;e82be7d358&apos;, time: &apos;2018-11-14T08:17:03&apos;&#10;System info: host: &apos;RU1-WW-158&apos;, ip: &apos;10.135.106.133&apos;, os.name: &apos;Windows 10&apos;, os.arch: &apos;amd64&apos;, os.version: &apos;10.0&apos;, java.version: &apos;11.0.12&apos;&#10;Driver info: driver.version: AppiumDriver"/>
  </testcase>
  <testcase name="tearDown" classname="scenarios.epamTestAppMobileTests" time="0.027">
    <failure type="java.lang.NullPointerException">java.lang.NullPointerException
</failure>
    <system-out><![CDATA[After
]]></system-out>
  </testcase>
</testsuite>