<?xml version="1.0" encoding="UTF-8"?>
<!-- Generated by org.testng.reporters.JUnitReportReporter -->
<testsuite hostname="RU1-WW-158" failures="0" tests="1" name="scenarios.webMobileTests" time="0.000" errors="0" timestamp="2021-10-01T21:15:40 MSK" skipped="1">
  <testcase classname="scenarios.webMobileTests" name="simpleWebTest" time="0.000">
    <skipped/>
  </testcase> <!-- simpleWebTest -->
  <system-out/>
</testsuite> <!-- scenarios.webMobileTests -->
